  CameraMatrices.cpp
  main.cpp
  ofApp.cpp
  Info: Boost.Config is older than your compiler version - probably nothing bad will happen - but you may wish to look for an update Boost version.  Define BOOST_CONFIG_SUPPRESS_OUTDATED_MESSAGE to suppress this message.
  Info: Boost.Config is older than your compiler version - probably nothing bad will happen - but you may wish to look for an update Boost version.  Define BOOST_CONFIG_SUPPRESS_OUTDATED_MESSAGE to suppress this message.
  Info: Boost.Config is older than your compiler version - probably nothing bad will happen - but you may wish to look for an update Boost version.  Define BOOST_CONFIG_SUPPRESS_OUTDATED_MESSAGE to suppress this message.
C:\Users\GritzmacherEric\openFrameworks\libs\openFrameworks\math\ofMatrix4x4.h(326,1): warning C4267: 'argument': conversion from 'size_t' to 'int', possible loss of data (compiling source file src\main.cpp)
C:\Users\GritzmacherEric\openFrameworks\libs\openFrameworks\math\ofMatrix4x4.h(331,1): warning C4267: 'argument': conversion from 'size_t' to 'int', possible loss of data (compiling source file src\main.cpp)
C:\Users\GritzmacherEric\openFrameworks\libs\openFrameworks\math\ofMatrix4x4.h(912,12): warning C4267: 'argument': conversion from 'size_t' to 'int', possible loss of data (compiling source file src\main.cpp)
C:\Users\GritzmacherEric\openFrameworks\libs\openFrameworks\math\ofMatrix4x4.h(913,12): warning C4267: 'argument': conversion from 'size_t' to 'int', possible loss of data (compiling source file src\main.cpp)
C:\Users\GritzmacherEric\openFrameworks\libs\openFrameworks\math\ofMatrix4x4.h(914,12): warning C4267: 'argument': conversion from 'size_t' to 'int', possible loss of data (compiling source file src\main.cpp)
C:\Users\GritzmacherEric\openFrameworks\libs\openFrameworks\math\ofMatrix4x4.h(915,12): warning C4267: 'argument': conversion from 'size_t' to 'int', possible loss of data (compiling source file src\main.cpp)
C:\Users\GritzmacherEric\openFrameworks\libs\openFrameworks\math\ofMatrix4x4.h(326,1): warning C4267: 'argument': conversion from 'size_t' to 'int', possible loss of data (compiling source file src\ofApp.cpp)
C:\Users\GritzmacherEric\openFrameworks\libs\openFrameworks\math\ofMatrix4x4.h(331,1): warning C4267: 'argument': conversion from 'size_t' to 'int', possible loss of data (compiling source file src\ofApp.cpp)
C:\Users\GritzmacherEric\openFrameworks\libs\openFrameworks\math\ofMatrix4x4.h(912,12): warning C4267: 'argument': conversion from 'size_t' to 'int', possible loss of data (compiling source file src\ofApp.cpp)
C:\Users\GritzmacherEric\openFrameworks\libs\openFrameworks\math\ofMatrix4x4.h(913,12): warning C4267: 'argument': conversion from 'size_t' to 'int', possible loss of data (compiling source file src\ofApp.cpp)
C:\Users\GritzmacherEric\openFrameworks\libs\openFrameworks\math\ofMatrix4x4.h(914,12): warning C4267: 'argument': conversion from 'size_t' to 'int', possible loss of data (compiling source file src\ofApp.cpp)
C:\Users\GritzmacherEric\openFrameworks\libs\openFrameworks\math\ofMatrix4x4.h(915,12): warning C4267: 'argument': conversion from 'size_t' to 'int', possible loss of data (compiling source file src\ofApp.cpp)
C:\Users\GritzmacherEric\openFrameworks\libs\openFrameworks\math\ofMatrix4x4.h(326,1): warning C4267: 'argument': conversion from 'size_t' to 'int', possible loss of data (compiling source file src\CameraMatrices.cpp)
C:\Users\GritzmacherEric\openFrameworks\libs\openFrameworks\math\ofMatrix4x4.h(331,1): warning C4267: 'argument': conversion from 'size_t' to 'int', possible loss of data (compiling source file src\CameraMatrices.cpp)
C:\Users\GritzmacherEric\openFrameworks\libs\openFrameworks\math\ofMatrix4x4.h(912,12): warning C4267: 'argument': conversion from 'size_t' to 'int', possible loss of data (compiling source file src\CameraMatrices.cpp)
C:\Users\GritzmacherEric\openFrameworks\libs\openFrameworks\math\ofMatrix4x4.h(913,12): warning C4267: 'argument': conversion from 'size_t' to 'int', possible loss of data (compiling source file src\CameraMatrices.cpp)
C:\Users\GritzmacherEric\openFrameworks\libs\openFrameworks\math\ofMatrix4x4.h(914,12): warning C4267: 'argument': conversion from 'size_t' to 'int', possible loss of data (compiling source file src\CameraMatrices.cpp)
C:\Users\GritzmacherEric\openFrameworks\libs\openFrameworks\math\ofMatrix4x4.h(915,12): warning C4267: 'argument': conversion from 'size_t' to 'int', possible loss of data (compiling source file src\CameraMatrices.cpp)
C:\Users\GritzmacherEric\openFrameworks\addons\ofxLSystem\src\ofxLSUtils.h(42,31): warning C4101: 'e': unreferenced local variable (compiling source file src\main.cpp)
C:\Users\GritzmacherEric\openFrameworks\addons\ofxLSystem\src\ofxLSBoundingBox.h(4,15): warning C5208: unnamed class used in typedef name cannot declare members other than non-static data members, member enumerations, or member classes (compiling source file src\main.cpp)
C:\Users\GritzmacherEric\openFrameworks\addons\ofxLSystemGrammar\src\ofxLSGUtils.h(63,36): warning C4101: 'e': unreferenced local variable (compiling source file src\main.cpp)
C:\Users\GritzmacherEric\openFrameworks\addons\ofxLSystem\src\ofxLSUtils.h(42,31): warning C4101: 'e': unreferenced local variable (compiling source file src\ofApp.cpp)
C:\Users\GritzmacherEric\openFrameworks\addons\ofxLSystem\src\ofxLSBoundingBox.h(4,15): warning C5208: unnamed class used in typedef name cannot declare members other than non-static data members, member enumerations, or member classes (compiling source file src\ofApp.cpp)
C:\Users\GritzmacherEric\openFrameworks\addons\ofxLSystemGrammar\src\ofxLSGUtils.h(63,36): warning C4101: 'e': unreferenced local variable (compiling source file src\ofApp.cpp)
C:\Users\GritzmacherEric\openFrameworks\apps\myApps\FinalProject_v1\src\ofApp.cpp(15,2): warning C4996: 'ofLine': Use ofDrawLine instead
C:\Users\GritzmacherEric\openFrameworks\apps\myApps\FinalProject_v1\src\ofApp.cpp(33,7): warning C4996: 'ofNode::rotate': Use the Deg/Rad version.
C:\Users\GritzmacherEric\openFrameworks\apps\myApps\FinalProject_v1\src\ofApp.cpp(111,3): warning C4996: 'ofRotateZ': Use ofRotateZDeg or ofRotateZRad
C:\Users\GritzmacherEric\openFrameworks\apps\myApps\FinalProject_v1\src\ofApp.cpp(113,3): warning C4996: 'ofLine': Use ofDrawLine instead
C:\Users\GritzmacherEric\openFrameworks\apps\myApps\FinalProject_v1\src\ofApp.cpp(118,3): warning C4996: 'ofLine': Use ofDrawLine instead
C:\Users\GritzmacherEric\openFrameworks\libs\openFrameworks\3d\ofMesh.inl(1324,1): warning C4267: 'argument': conversion from 'size_t' to 'ofIndexType', possible loss of data (compiling source file src\ofApp.cpp)
C:\Users\GritzmacherEric\openFrameworks\libs\openFrameworks\3d\ofMesh.inl(1273): message : while compiling class template member function 'void ofMesh_<ofDefaultVertexType,ofDefaultNormalType,ofDefaultColorType,ofDefaultTexCoordType>::save(const boost::filesystem::path &,bool) const' (compiling source file src\ofApp.cpp)
C:\Users\GritzmacherEric\openFrameworks\apps\myApps\FinalProject_v1\src\ofApp.cpp(231): message : see reference to function template instantiation 'void ofMesh_<ofDefaultVertexType,ofDefaultNormalType,ofDefaultColorType,ofDefaultTexCoordType>::save(const boost::filesystem::path &,bool) const' being compiled
C:\Users\GritzmacherEric\openFrameworks\libs\openFrameworks\3d\of3dPrimitives.h(71): message : see reference to class template instantiation 'ofMesh_<ofDefaultVertexType,ofDefaultNormalType,ofDefaultColorType,ofDefaultTexCoordType>' being compiled (compiling source file src\ofApp.cpp)
C:\Users\GritzmacherEric\openFrameworks\libs\openFrameworks\3d\ofMesh.inl(1339,1): warning C4267: 'argument': conversion from 'size_t' to 'ofIndexType', possible loss of data (compiling source file src\ofApp.cpp)
C:\Users\GritzmacherEric\openFrameworks\libs\openFrameworks\3d\ofMesh.inl(1346,1): warning C4267: 'argument': conversion from 'size_t' to 'ofIndexType', possible loss of data (compiling source file src\ofApp.cpp)
     Creating library bin\FinalProject_v1_debug.lib and object bin\FinalProject_v1_debug.exp
  FinalProject_v1.vcxproj -> C:\Users\GritzmacherEric\openFrameworks\apps\myApps\FinalProject_v1\bin\FinalProject_v1_debug.exe
  
  	                   2	C:\Users\GritzmacherEric\openFrameworks\libs\fmod\lib\vs\x64\
  	  *EXTRA File 		 6942208	C:\Users\GritzmacherEric\openFrameworks\apps\myApps\FinalProject_v1\bin\FreeImage.dll
  
  	                   1	C:\Users\GritzmacherEric\openFrameworks\libs\FreeImage\lib\vs\x64\
  	  *EXTRA File 		 1826304	C:\Users\GritzmacherEric\openFrameworks\apps\myApps\FinalProject_v1\bin\fmod.dll
  	  *EXTRA File 		 2041856	C:\Users\GritzmacherEric\openFrameworks\apps\myApps\FinalProject_v1\bin\fmodL.dll
